# JRE version: OpenJDK Runtime Environment (26.0.1+8) (build 26.0.1+8-34)
# Java VM: OpenJDK 64-Bit Server VM (26.0.1+8-34, mixed mode, sharing, tiered, compressed oops, compressed class ptrs, g1 gc, linux-amd64)
Heap:
 garbage-first heap   total reserved 966656K, committed 119808K, used 64139K [0x00000000c5000000, 0x0000000100000000)
  region size 1M, 26 eden (26M), 4 survivor (4M), 32 old (32M), 3 humongous (3M), 52 free (52M)
GC Heap Usage History (20 events):
Event: 224,600 {heap Before GC invocations=44 (full 0):
 garbage-first heap   total reserved 966656K, committed 39936K, used 35543K [0x00000000c5000000, 0x0000000100000000)
  region size 1M, 1 eden (1M), 1 survivor (1M), 31 old (31M), 3 humongous (3M), 3 free (3M)
}
Event: 224,604 {heap After GC invocations=45 (full 0):
 garbage-first heap   total reserved 966656K, committed 39936K, used 34652K [0x00000000c5000000, 0x0000000100000000)
  region size 1M, 0 eden (0M), 1 survivor (1M), 31 old (31M), 3 humongous (3M), 4 free (4M)
}
Event: 224,628 {heap Before GC invocations=45 (full 0):
 garbage-first heap   total reserved 966656K, committed 39936K, used 34652K [0x00000000c5000000, 0x0000000100000000)
  region size 1M, 1 eden (1M), 1 survivor (1M), 31 old (31M), 3 humongous (3M), 3 free (3M)
}
Event: 224,630 {heap After GC invocations=46 (full 0):
 garbage-first heap   total reserved 966656K, committed 39936K, used 34651K [0x00000000c5000000, 0x0000000100000000)
  region size 1M, 0 eden (0M), 1 survivor (1M), 31 old (31M), 3 humongous (3M), 4 free (4M)
}
Event: 224,659 {heap Before GC invocations=46 (full 0):
 garbage-first heap   total reserved 966656K, committed 39936K, used 34651K [0x00000000c5000000, 0x0000000100000000)
  region size 1M, 1 eden (1M), 1 survivor (1M), 31 old (31M), 3 humongous (3M), 3 free (3M)
}
Event: 224,660 {heap After GC invocations=47 (full 0):
 garbage-first heap   total reserved 966656K, committed 39936K, used 34704K [0x00000000c5000000, 0x0000000100000000)
  region size 1M, 0 eden (0M), 1 survivor (1M), 31 old (31M), 3 humongous (3M), 4 free (4M)
}
Event: 224,702 {heap Before GC invocations=47 (full 0):
 garbage-first heap   total reserved 966656K, committed 39936K, used 34704K [0x00000000c5000000, 0x0000000100000000)
  region size 1M, 1 eden (1M), 1 survivor (1M), 31 old (31M), 3 humongous (3M), 3 free (3M)
}
Event: 224,704 {heap After GC invocations=48 (full 0):
 garbage-first heap   total reserved 966656K, committed 39936K, used 34899K [0x00000000c5000000, 0x0000000100000000)
  region size 1M, 0 eden (0M), 1 survivor (1M), 31 old (31M), 3 humongous (3M), 4 free (4M)
}
Event: 272,827 {heap Before GC invocations=49 (full 0):
 garbage-first heap   total reserved 966656K, committed 39936K, used 35923K [0x00000000c5000000, 0x0000000100000000)
  region size 1M, 1 eden (1M), 1 survivor (1M), 31 old (31M), 3 humongous (3M), 3 free (3M)
}
Event: 272,836 {heap After GC invocations=50 (full 0):
 garbage-first heap   total reserved 966656K, committed 39936K, used 35029K [0x00000000c5000000, 0x0000000100000000)
  region size 1M, 0 eden (0M), 1 survivor (1M), 31 old (31M), 3 humongous (3M), 4 free (4M)
}
Event: 274,861 {heap Before GC invocations=50 (full 0):
 garbage-first heap   total reserved 966656K, committed 39936K, used 36053K [0x00000000c5000000, 0x0000000100000000)
  region size 1M, 1 eden (1M), 1 survivor (1M), 31 old (31M), 3 humongous (3M), 3 free (3M)
}
Event: 274,878 {heap After GC invocations=51 (full 0):
 garbage-first heap   total reserved 966656K, committed 39936K, used 34986K [0x00000000c5000000, 0x0000000100000000)
  region size 1M, 0 eden (0M), 1 survivor (1M), 31 old (31M), 3 humongous (3M), 4 free (4M)
}
Event: 274,932 {heap Before GC invocations=51 (full 0):
 garbage-first heap   total reserved 966656K, committed 39936K, used 36010K [0x00000000c5000000, 0x0000000100000000)
  region size 1M, 1 eden (1M), 1 survivor (1M), 31 old (31M), 3 humongous (3M), 3 free (3M)
}
Event: 274,936 {heap After GC invocations=52 (full 0):
 garbage-first heap   total reserved 966656K, committed 39936K, used 35299K [0x00000000c5000000, 0x0000000100000000)
  region size 1M, 0 eden (0M), 1 survivor (1M), 31 old (31M), 3 humongous (3M), 4 free (4M)
}
Event: 275,025 {heap Before GC invocations=53 (full 0):
 garbage-first heap   total reserved 966656K, committed 39936K, used 36323K [0x00000000c5000000, 0x0000000100000000)
  region size 1M, 1 eden (1M), 1 survivor (1M), 31 old (31M), 3 humongous (3M), 3 free (3M)
}
Event: 275,029 {heap After GC invocations=54 (full 0):
 garbage-first heap   total reserved 966656K, committed 39936K, used 35793K [0x00000000c5000000, 0x0000000100000000)
  region size 1M, 0 eden (0M), 1 survivor (1M), 31 old (31M), 3 humongous (3M), 4 free (4M)
}
Event: 275,062 {heap Before GC invocations=54 (full 0):
 garbage-first heap   total reserved 966656K, committed 39936K, used 36817K [0x00000000c5000000, 0x0000000100000000)
  region size 1M, 1 eden (1M), 1 survivor (1M), 31 old (31M), 3 humongous (3M), 3 free (3M)
}
Event: 275,068 {heap After GC invocations=55 (full 0):
 garbage-first heap   total reserved 966656K, committed 119808K, used 36219K [0x00000000c5000000, 0x0000000100000000)
  region size 1M, 0 eden (0M), 1 survivor (1M), 32 old (32M), 3 humongous (3M), 81 free (81M)
}
Event: 684,684 {heap Before GC invocations=55 (full 0):
 garbage-first heap   total reserved 966656K, committed 119808K, used 73083K [0x00000000c5000000, 0x0000000100000000)
  region size 1M, 37 eden (37M), 1 survivor (1M), 32 old (32M), 3 humongous (3M), 44 free (44M)
}
Event: 684,815 {heap After GC invocations=56 (full 0):
 garbage-first heap   total reserved 966656K, committed 119808K, used 38539K [0x00000000c5000000, 0x0000000100000000)
  region size 1M, 0 eden (0M), 4 survivor (4M), 32 old (32M), 3 humongous (3M), 78 free (78M)
}

